{"/workspaces/RIA-CLASS/factorialMathFunction.ts": {"path":"/workspaces/RIA-CLASS/factorialMathFunction.ts","all":false,"statementMap":{"0":{"start":{"line":1,"column":0},"end":{"line":1,"column":56}},"1":{"start":{"line":2,"column":0},"end":{"line":2,"column":19}},"2":{"start":{"line":3,"column":0},"end":{"line":3,"column":30}},"3":{"start":{"line":4,"column":0},"end":{"line":4,"column":14}},"4":{"start":{"line":5,"column":0},"end":{"line":5,"column":0}},"5":{"start":{"line":6,"column":0},"end":{"line":6,"column":20}},"6":{"start":{"line":7,"column":0},"end":{"line":7,"column":10}},"7":{"start":{"line":8,"column":0},"end":{"line":8,"column":18}},"8":{"start":{"line":9,"column":0},"end":{"line":9,"column":3}},"9":{"start":{"line":10,"column":0},"end":{"line":10,"column":16}},"10":{"start":{"line":11,"column":0},"end":{"line":11,"column":1}}},"s":{"0":1,"1":3,"2":3,"3":3,"4":1,"5":3,"6":4,"7":4,"8":4,"9":1,"10":1},"branchMap":{"0":{"type":"branch","line":1,"loc":{"start":{"line":1,"column":29},"end":{"line":11,"column":1}},"locations":[{"start":{"line":1,"column":29},"end":{"line":11,"column":1}}]},"1":{"type":"branch","line":3,"loc":{"start":{"line":3,"column":15},"end":{"line":3,"column":28}},"locations":[{"start":{"line":3,"column":15},"end":{"line":3,"column":28}}]},"2":{"type":"branch","line":4,"loc":{"start":{"line":4,"column":4},"end":{"line":4,"column":13}},"locations":[{"start":{"line":4,"column":4},"end":{"line":4,"column":13}}]},"3":{"type":"branch","line":4,"loc":{"start":{"line":4,"column":13},"end":{"line":6,"column":18}},"locations":[{"start":{"line":4,"column":13},"end":{"line":6,"column":18}}]},"4":{"type":"branch","line":6,"loc":{"start":{"line":6,"column":18},"end":{"line":9,"column":3}},"locations":[{"start":{"line":6,"column":18},"end":{"line":9,"column":3}}]},"5":{"type":"branch","line":10,"loc":{"start":{"line":10,"column":-1},"end":{"line":11,"column":1}},"locations":[{"start":{"line":10,"column":-1},"end":{"line":11,"column":1}}]}},"b":{"0":[3],"1":[2],"2":[2],"3":[1],"4":[4],"5":[1]},"fnMap":{"0":{"name":"mathFactorial","decl":{"start":{"line":1,"column":29},"end":{"line":11,"column":1}},"loc":{"start":{"line":1,"column":29},"end":{"line":11,"column":1}},"line":1}},"f":{"0":3}}
}
